JVM info: Oracle Corporation - 1.8.0_371 - 25.371-b11
java.net.preferIPv4Stack=true
Found java version 1.8.0_371
Considering minecraft client jar
Considering library net.minecraftforge:forge:1.8.9-11.15.1.2318-1.8.9: Not Downloading {Wrong Side}
Considering library net.minecraft:launchwrapper:1.12: Not Downloading {Wrong Side}
Considering library org.ow2.asm:asm-all:5.0.3: Not Downloading {Wrong Side}
Considering library jline:jline:2.13: Not Downloading {Wrong Side}
Considering library com.typesafe.akka:akka-actor_2.11:2.3.3
Considering library com.typesafe:config:1.2.1
Considering library org.scala-lang:scala-actors-migration_2.11:1.1.0
Considering library org.scala-lang:scala-compiler:2.11.1
Considering library org.scala-lang.plugins:scala-continuations-library_2.11:1.0.2
Considering library org.scala-lang.plugins:scala-continuations-plugin_2.11.1:1.0.2
Considering library org.scala-lang:scala-library:2.11.1
Considering library org.scala-lang:scala-parser-combinators_2.11:1.0.1
Considering library org.scala-lang:scala-reflect:2.11.1
Considering library org.scala-lang:scala-swing_2.11:1.0.1
Considering library org.scala-lang:scala-xml_2.11:1.0.2
Considering library lzma:lzma:0.0.1: Not Downloading {Wrong Side}
Considering library net.sf.jopt-simple:jopt-simple:4.6: Not Downloading {Wrong Side}
Considering library java3d:vecmath:1.5.2
Considering library net.sf.trove4j:trove4j:3.0.3
Extracting: /forge-1.8.9-11.15.1.2318-1.8.9-universal.jar
To:          C:\Users\famal\AppData\Roaming\.minecraft\libraries\net\minecraftforge\forge\1.8.9-11.15.1.2318-1.8.9\forge-1.8.9-11.15.1.2318-1.8.9.jar
